<?xml version="1.0" encoding="UTF-8"?>
<!-- Generated by org.testng.reporters.JUnitXMLReporter -->
<testsuite hostname="prachi-PC" name="Default test" tests="4" failures="0" timestamp="3 Sep 2016 06:01:07 GMT" time="109.666" errors="0">
  <testcase name="testHomePage" time="25.407" classname="com.vmetry.ntltaxi.testcases.HomePageTest"/>
  <testcase name="testHomePage" time="21.135" classname="com.vmetry.ntltaxi.testcases.HomePageTest"/>
  <testcase name="testHomePage" time="21.217" classname="com.vmetry.ntltaxi.testcases.HomePageTest"/>
  <testcase name="testHomePage" time="21.027" classname="com.vmetry.ntltaxi.testcases.HomePageTest"/>
</testsuite> <!-- Default test -->
